<?xml version="1.0" encoding="UTF-8"?>
<!-- Generated by org.testng.reporters.JUnitXMLReporter -->
<testsuite ignored="0" hostname="LTIN399820" failures="0" tests="3" name="Default test" time="7.1" errors="0" timestamp="2025-03-08T14:54:58 IST">
  <testcase classname="Second.Autho" name="basicauth" time="3.985"/>
  <testcase classname="Second.Autho" name="digestauth" time="1.792"/>
  <testcase classname="Second.Autho" name="preempetiveauth" time="1.215"/>
</testsuite> <!-- Default test -->
