<?xml version="1.0" encoding="UTF-8"?>
<testng-results ignored="0" total="3" passed="3" failed="0" skipped="0">
  <reporter-output>
  </reporter-output>
  <suite started-at="2025-03-08T14:54:51 IST" name="Default suite" finished-at="2025-03-08T14:54:58 IST" duration-ms="7100">
    <groups>
    </groups>
    <test started-at="2025-03-08T14:54:51 IST" name="Default test" finished-at="2025-03-08T14:54:58 IST" duration-ms="7100">
      <class name="Second.Autho">
        <test-method signature="basicauth()[pri:0, instance:Second.Autho@942a29c]" started-at="2025-03-08T14:54:51 IST" name="basicauth" finished-at="2025-03-08T14:54:55 IST" duration-ms="3985" status="PASS">
          <reporter-output>
          </reporter-output>
        </test-method> <!-- basicauth -->
        <test-method signature="digestauth()[pri:2, instance:Second.Autho@942a29c]" started-at="2025-03-08T14:54:55 IST" name="digestauth" finished-at="2025-03-08T14:54:57 IST" duration-ms="1792" status="PASS">
          <reporter-output>
          </reporter-output>
        </test-method> <!-- digestauth -->
        <test-method signature="preempetiveauth()[pri:3, instance:Second.Autho@942a29c]" started-at="2025-03-08T14:54:57 IST" name="preempetiveauth" finished-at="2025-03-08T14:54:58 IST" duration-ms="1215" status="PASS">
          <reporter-output>
          </reporter-output>
        </test-method> <!-- preempetiveauth -->
      </class> <!-- Second.Autho -->
    </test> <!-- Default test -->
  </suite> <!-- Default suite -->
</testng-results>
